<?xml version="1.0" encoding="UTF-8"?>
<testng-results ignored="0" total="1" passed="1" failed="0" skipped="0">
  <reporter-output>
  </reporter-output>
  <suite started-at="2022-10-22T04:54:12 EET" name="Default Suite" finished-at="2022-10-22T04:54:40 EET" duration-ms="27092">
    <groups>
    </groups>
    <test started-at="2022-10-22T04:54:12 EET" name="Orange_Task" finished-at="2022-10-22T04:54:40 EET" duration-ms="27092">
      <class name="tests.HomeTest">
        <test-method is-config="true" signature="setup()[pri:0, instance:tests.HomeTest@61df66b6]" started-at="2022-10-22T04:54:01 EET" name="setup" finished-at="2022-10-22T04:54:12 EET" duration-ms="11799" status="PASS">
          <reporter-output>
          </reporter-output>
        </test-method> <!-- setup -->
        <test-method signature="testmethod()[pri:0, instance:tests.HomeTest@61df66b6]" started-at="2022-10-22T04:54:13 EET" name="testmethod" finished-at="2022-10-22T04:54:40 EET" duration-ms="26837" status="PASS">
          <reporter-output>
          </reporter-output>
        </test-method> <!-- testmethod -->
        <test-method is-config="true" signature="teardown()[pri:0, instance:tests.HomeTest@61df66b6]" started-at="2022-10-22T04:54:40 EET" name="teardown" finished-at="2022-10-22T04:54:41 EET" duration-ms="1217" status="PASS">
          <reporter-output>
          </reporter-output>
        </test-method> <!-- teardown -->
      </class> <!-- tests.HomeTest -->
    </test> <!-- Orange_Task -->
  </suite> <!-- Default Suite -->
</testng-results>
